Android_Projects/MS, FB, Google Signin Tutorials/SocialSiteLogin/app/build/intermediates/manifest_merge_blame_file/debug/manifest-merger-blame-debug-report.txt
1<?xml version="1.0" encoding="utf-8"?>
2<manifest xmlns:android="http://schemas.android.com/apk/res/android"
3    package="ie.ncirl.student.x15015556.socialsitelogin"
4    android:versionCode="1"
5    android:versionName="1.0" >
6
7    <uses-sdk
8        android:minSdkVersion="22"
8-->src\main\AndroidManifest.xml
9        android:targetSdkVersion="30" />
9-->src\main\AndroidManifest.xml
10
11    <uses-permission android:name="android.permission.INTERNET" />
11-->src\main\AndroidManifest.xml:5:5-66
11-->src\main\AndroidManifest.xml:5:22-64
12    <uses-permission android:name="com.google.android.finsky.permission.BIND_GET_INSTALL_REFERRER_SERVICE" />
12-->[com.android.installreferrer:installreferrer:1.0] AndroidManifest.xml:9:5-110
12-->[com.android.installreferrer:installreferrer:1.0] AndroidManifest.xml:9:22-107
13
14    <application
14-->src\main\AndroidManifest.xml:8:5-48:19
15        android:allowBackup="true"
15-->src\main\AndroidManifest.xml:9:9-35
16        android:appComponentFactory="androidx.core.app.CoreComponentFactory"
16-->[androidx.core:core:1.3.1] AndroidManifest.xml:24:18-86
17        android:debuggable="true"
18        android:icon="@mipmap/ic_launcher"
18-->src\main\AndroidManifest.xml:10:9-43
19        android:label="@string/app_name"
19-->src\main\AndroidManifest.xml:11:9-41
20        android:roundIcon="@mipmap/ic_launcher_round"
20-->src\main\AndroidManifest.xml:12:9-54
21        android:supportsRtl="true"
21-->src\main\AndroidManifest.xml:13:9-35
22        android:testOnly="true"
23        android:theme="@style/Theme.SocialSiteLogin" >
23-->src\main\AndroidManifest.xml:14:9-53
24        <activity android:name="ie.ncirl.student.x15015556.socialsitelogin.MainActivity" >
24-->src\main\AndroidManifest.xml:18:9-26:20
24-->src\main\AndroidManifest.xml:18:19-47
25            <intent-filter>
25-->src\main\AndroidManifest.xml:19:13-23:29
26                <action android:name="android.intent.action.MAIN" />
26-->src\main\AndroidManifest.xml:20:17-69
26-->src\main\AndroidManifest.xml:20:25-66
27
28                <category android:name="android.intent.category.LAUNCHER" />
28-->src\main\AndroidManifest.xml:22:17-77
28-->src\main\AndroidManifest.xml:22:27-74
29            </intent-filter>
30        </activity>
31
32        <meta-data
32-->src\main\AndroidManifest.xml:28:9-29:54
33            android:name="com.facebook.sdk.ApplicationId"
33-->src\main\AndroidManifest.xml:28:20-65
34            android:value="@string/facebook_app_id" />
34-->src\main\AndroidManifest.xml:29:13-52
35
36        <activity
36-->src\main\AndroidManifest.xml:31:9-34:48
37            android:name="com.facebook.FacebookActivity"
37-->src\main\AndroidManifest.xml:31:19-63
38            android:configChanges="keyboard|keyboardHidden|screenLayout|screenSize|orientation"
38-->src\main\AndroidManifest.xml:32:13-114
39            android:label="@string/app_name"
39-->src\main\AndroidManifest.xml:34:13-45
40            android:theme="@style/com_facebook_activity_theme" />
40-->[com.facebook.android:facebook-common:8.2.0] AndroidManifest.xml:33:13-63
41        <activity
41-->src\main\AndroidManifest.xml:35:9-44:20
42            android:name="com.facebook.CustomTabActivity"
42-->src\main\AndroidManifest.xml:36:13-58
43            android:exported="true" >
43-->src\main\AndroidManifest.xml:37:13-36
44            <intent-filter>
44-->src\main\AndroidManifest.xml:38:13-43:29
45                <action android:name="android.intent.action.VIEW" />
45-->src\main\AndroidManifest.xml:39:17-69
45-->src\main\AndroidManifest.xml:39:25-66
46
47                <category android:name="android.intent.category.DEFAULT" />
47-->src\main\AndroidManifest.xml:40:17-76
47-->src\main\AndroidManifest.xml:40:27-73
48                <category android:name="android.intent.category.BROWSABLE" />
48-->src\main\AndroidManifest.xml:41:17-78
48-->src\main\AndroidManifest.xml:41:27-75
49
50                <data android:scheme="@string/fb_login_protocol_scheme" />
50-->src\main\AndroidManifest.xml:42:17-75
50-->src\main\AndroidManifest.xml:42:23-72
51            </intent-filter>
52            <intent-filter>
52-->[com.facebook.android:facebook-common:8.2.0] AndroidManifest.xml:39:13-48:29
53                <action android:name="android.intent.action.VIEW" />
53-->src\main\AndroidManifest.xml:39:17-69
53-->src\main\AndroidManifest.xml:39:25-66
54
55                <category android:name="android.intent.category.DEFAULT" />
55-->src\main\AndroidManifest.xml:40:17-76
55-->src\main\AndroidManifest.xml:40:27-73
56                <category android:name="android.intent.category.BROWSABLE" />
56-->src\main\AndroidManifest.xml:41:17-78
56-->src\main\AndroidManifest.xml:41:27-75
57
58                <data
58-->src\main\AndroidManifest.xml:42:17-75
59                    android:host="cct.ie.ncirl.student.x15015556.socialsitelogin"
60                    android:scheme="fbconnect" />
60-->src\main\AndroidManifest.xml:42:23-72
61            </intent-filter>
62        </activity>
63        <!-- <queries> -->
64        <!-- <package android:name="com.facebook.katana" /> -->
65        <!-- </queries> -->
66        <activity android:name="com.facebook.CustomTabMainActivity" />
66-->[com.facebook.android:facebook-common:8.2.0] AndroidManifest.xml:34:9-71
66-->[com.facebook.android:facebook-common:8.2.0] AndroidManifest.xml:34:19-68
67        <!--
68         The initialization ContentProvider will call FacebookSdk.sdkInitialize automatically
69         with the application context. This config is merged in with the host app's manifest,
70         but there can only be one provider with the same authority activated at any given
71         point; so if the end user has two or more different apps that use Facebook SDK, only the
72         first one will be able to use the provider. To work around this problem, we use the
73         following placeholder in the authority to identify each host application as if it was
74         a completely different provider.
75        -->
76        <provider
76-->[com.facebook.android:facebook-core:8.2.0] AndroidManifest.xml:39:9-42:40
77            android:name="com.facebook.internal.FacebookInitProvider"
77-->[com.facebook.android:facebook-core:8.2.0] AndroidManifest.xml:40:13-70
78            android:authorities="ie.ncirl.student.x15015556.socialsitelogin.FacebookInitProvider"
78-->[com.facebook.android:facebook-core:8.2.0] AndroidManifest.xml:41:13-72
79            android:exported="false" />
79-->[com.facebook.android:facebook-core:8.2.0] AndroidManifest.xml:42:13-37
80
81        <receiver
81-->[com.facebook.android:facebook-core:8.2.0] AndroidManifest.xml:44:9-50:20
82            android:name="com.facebook.CurrentAccessTokenExpirationBroadcastReceiver"
82-->[com.facebook.android:facebook-core:8.2.0] AndroidManifest.xml:45:13-86
83            android:exported="false" >
83-->[com.facebook.android:facebook-core:8.2.0] AndroidManifest.xml:46:13-37
84            <intent-filter>
84-->[com.facebook.android:facebook-core:8.2.0] AndroidManifest.xml:47:13-49:29
85                <action android:name="com.facebook.sdk.ACTION_CURRENT_ACCESS_TOKEN_CHANGED" />
85-->[com.facebook.android:facebook-core:8.2.0] AndroidManifest.xml:48:17-95
85-->[com.facebook.android:facebook-core:8.2.0] AndroidManifest.xml:48:25-92
86            </intent-filter>
87        </receiver>
88
89        <provider
89-->[com.squareup.picasso:picasso:2.71828] AndroidManifest.xml:8:9-11:40
90            android:name="com.squareup.picasso.PicassoProvider"
90-->[com.squareup.picasso:picasso:2.71828] AndroidManifest.xml:9:13-64
91            android:authorities="ie.ncirl.student.x15015556.socialsitelogin.com.squareup.picasso"
91-->[com.squareup.picasso:picasso:2.71828] AndroidManifest.xml:10:13-72
92            android:exported="false" />
92-->[com.squareup.picasso:picasso:2.71828] AndroidManifest.xml:11:13-37
93    </application>
94
95</manifest>